[debug] [2023-07-13T21:13:19.601Z] ----------------------------------------------------------------------
[debug] [2023-07-13T21:13:19.605Z] Command:       C:\Program Files\nodejs\node.exe C:\Users\AKANKSHA DUBEY\AppData\Roaming\npm\node_modules\firebase-tools\lib\bin\firebase.js init
[debug] [2023-07-13T21:13:19.606Z] CLI Version:   12.4.4
[debug] [2023-07-13T21:13:19.607Z] Platform:      win32
[debug] [2023-07-13T21:13:19.607Z] Node Version:  v18.16.0
[debug] [2023-07-13T21:13:19.608Z] Time:          Fri Jul 14 2023 02:43:19 GMT+0530 (India Standard Time)
[debug] [2023-07-13T21:13:19.609Z] ----------------------------------------------------------------------
[debug] 
[debug] [2023-07-13T21:13:19.624Z] > command requires scopes: ["email","openid","https://www.googleapis.com/auth/cloudplatformprojects.readonly","https://www.googleapis.com/auth/firebase","https://www.googleapis.com/auth/cloud-platform"]
[debug] [2023-07-13T21:13:19.625Z] > authorizing via signed-in user (ayushniranjan0507@gmail.com)
[info] 
     ######## #### ########  ######## ########     ###     ######  ########
     ##        ##  ##     ## ##       ##     ##  ##   ##  ##       ##
     ######    ##  ########  ######   ########  #########  ######  ######
     ##        ##  ##    ##  ##       ##     ## ##     ##       ## ##
     ##       #### ##     ## ######## ########  ##     ##  ######  ########

You're about to initialize a Firebase project in this directory:

  C:\Users\AKANKSHA DUBEY\Desktop\Project 2

[info] 
=== Project Setup
[info] 
[info] First, let's associate this project directory with a Firebase project.
[info] You can create multiple project aliases by running firebase use --add, 
[info] but for now we'll just set up a default project.
[info] 
[debug] [2023-07-13T21:15:24.960Z] > refreshing access token with scopes: []
[debug] [2023-07-13T21:15:24.963Z] >>> [apiv2][query] POST https://www.googleapis.com/oauth2/v3/token [none]
[debug] [2023-07-13T21:15:24.963Z] >>> [apiv2][body] POST https://www.googleapis.com/oauth2/v3/token [omitted]
[debug] [2023-07-13T21:15:25.674Z] <<< [apiv2][status] POST https://www.googleapis.com/oauth2/v3/token 200
[debug] [2023-07-13T21:15:25.674Z] <<< [apiv2][body] POST https://www.googleapis.com/oauth2/v3/token [omitted]
[debug] [2023-07-13T21:15:25.699Z] >>> [apiv2][query] GET https://firebase.googleapis.com/v1beta1/projects pageSize=100
[debug] [2023-07-13T21:15:27.107Z] <<< [apiv2][status] GET https://firebase.googleapis.com/v1beta1/projects 200
[debug] [2023-07-13T21:15:27.107Z] <<< [apiv2][body] GET https://firebase.googleapis.com/v1beta1/projects [omitted]
[info] i  Using project portfolio-76b48 (portfolio) 
[info] 
=== Database Setup
[info] i  database: ensuring required API firebasedatabase.googleapis.com is enabled... 
[debug] [2023-07-13T21:15:34.541Z] >>> [apiv2][query] GET https://serviceusage.googleapis.com/v1/projects/portfolio-76b48/services/firebasedatabase.googleapis.com [none]
[debug] [2023-07-13T21:15:34.541Z] >>> [apiv2][(partial)header] GET https://serviceusage.googleapis.com/v1/projects/portfolio-76b48/services/firebasedatabase.googleapis.com x-goog-quota-user=projects/portfolio-76b48
[debug] [2023-07-13T21:15:38.058Z] <<< [apiv2][status] GET https://serviceusage.googleapis.com/v1/projects/portfolio-76b48/services/firebasedatabase.googleapis.com 200
[debug] [2023-07-13T21:15:38.059Z] <<< [apiv2][body] GET https://serviceusage.googleapis.com/v1/projects/portfolio-76b48/services/firebasedatabase.googleapis.com [omitted]
[warn] !  database: missing required API firebasedatabase.googleapis.com. Enabling now... 
[debug] [2023-07-13T21:15:38.060Z] >>> [apiv2][query] POST https://serviceusage.googleapis.com/v1/projects/portfolio-76b48/services/firebasedatabase.googleapis.com:enable [none]
[debug] [2023-07-13T21:15:38.060Z] >>> [apiv2][(partial)header] POST https://serviceusage.googleapis.com/v1/projects/portfolio-76b48/services/firebasedatabase.googleapis.com:enable x-goog-quota-user=projects/portfolio-76b48
[debug] [2023-07-13T21:15:41.180Z] <<< [apiv2][status] POST https://serviceusage.googleapis.com/v1/projects/portfolio-76b48/services/firebasedatabase.googleapis.com:enable 200
[debug] [2023-07-13T21:15:41.180Z] <<< [apiv2][body] POST https://serviceusage.googleapis.com/v1/projects/portfolio-76b48/services/firebasedatabase.googleapis.com:enable [omitted]
[debug] [2023-07-13T21:15:51.184Z] >>> [apiv2][query] GET https://serviceusage.googleapis.com/v1/projects/portfolio-76b48/services/firebasedatabase.googleapis.com [none]
[debug] [2023-07-13T21:15:51.184Z] >>> [apiv2][(partial)header] GET https://serviceusage.googleapis.com/v1/projects/portfolio-76b48/services/firebasedatabase.googleapis.com x-goog-quota-user=projects/portfolio-76b48
[debug] [2023-07-13T21:15:53.177Z] <<< [apiv2][status] GET https://serviceusage.googleapis.com/v1/projects/portfolio-76b48/services/firebasedatabase.googleapis.com 200
[debug] [2023-07-13T21:15:53.177Z] <<< [apiv2][body] GET https://serviceusage.googleapis.com/v1/projects/portfolio-76b48/services/firebasedatabase.googleapis.com [omitted]
[info] +  database: required API firebasedatabase.googleapis.com is enabled 
[info] 
[debug] [2023-07-13T21:15:53.188Z] >>> [apiv2][query] GET https://firebase.googleapis.com/v1beta1/projects/portfolio-76b48 [none]
[debug] [2023-07-13T21:15:54.317Z] <<< [apiv2][status] GET https://firebase.googleapis.com/v1beta1/projects/portfolio-76b48 200
[debug] [2023-07-13T21:15:54.318Z] <<< [apiv2][body] GET https://firebase.googleapis.com/v1beta1/projects/portfolio-76b48 {"projectId":"portfolio-76b48","projectNumber":"615693564977","displayName":"portfolio","name":"projects/portfolio-76b48","resources":{"hostingSite":"portfolio-76b48"},"state":"ACTIVE","etag":"1_38db054e-0974-4182-a40f-61370e77c5d6"}
[debug] [2023-07-13T21:17:21.024Z] >>> [apiv2][query] POST https://firebasedatabase.googleapis.com/v1beta/projects/portfolio-76b48/locations/asia-southeast1/instances databaseId=portfolio-76b48-default-rtdb&validateOnly=true
[debug] [2023-07-13T21:17:21.025Z] >>> [apiv2][body] POST https://firebasedatabase.googleapis.com/v1beta/projects/portfolio-76b48/locations/asia-southeast1/instances {"type":"default_database"}
[debug] [2023-07-13T21:17:25.198Z] <<< [apiv2][status] POST https://firebasedatabase.googleapis.com/v1beta/projects/portfolio-76b48/locations/asia-southeast1/instances 200
[debug] [2023-07-13T21:17:25.199Z] <<< [apiv2][body] POST https://firebasedatabase.googleapis.com/v1beta/projects/portfolio-76b48/locations/asia-southeast1/instances {"name":"projects/615693564977/locations/asia-southeast1/instances/portfolio-76b48-default-rtdb","project":"projects/615693564977","databaseUrl":"https://portfolio-76b48-default-rtdb.asia-southeast1.firebasedatabase.app","type":"DEFAULT_DATABASE","state":"ACTIVE"}
[debug] [2023-07-13T21:17:25.200Z] >>> [apiv2][query] POST https://firebasedatabase.googleapis.com/v1beta/projects/portfolio-76b48/locations/asia-southeast1/instances databaseId=portfolio-76b48-default-rtdb
[debug] [2023-07-13T21:17:25.200Z] >>> [apiv2][body] POST https://firebasedatabase.googleapis.com/v1beta/projects/portfolio-76b48/locations/asia-southeast1/instances {"type":"default_database"}
[debug] [2023-07-13T21:17:28.983Z] <<< [apiv2][status] POST https://firebasedatabase.googleapis.com/v1beta/projects/portfolio-76b48/locations/asia-southeast1/instances 200
[debug] [2023-07-13T21:17:28.984Z] <<< [apiv2][body] POST https://firebasedatabase.googleapis.com/v1beta/projects/portfolio-76b48/locations/asia-southeast1/instances {"name":"projects/615693564977/locations/asia-southeast1/instances/portfolio-76b48-default-rtdb","project":"projects/615693564977","databaseUrl":"https://portfolio-76b48-default-rtdb.asia-southeast1.firebasedatabase.app","type":"DEFAULT_DATABASE","state":"ACTIVE"}
[info] 
[info] Firebase Realtime Database Security Rules allow you to define how your data should be
[info] structured and when your data can be read from and written to.
[info] 
[debug] [2023-07-13T21:17:43.137Z] >>> [apiv2][query] GET https://portfolio-76b48-default-rtdb.asia-southeast1.firebasedatabase.app/.settings/rules.json [none]
[debug] [2023-07-13T21:17:45.788Z] <<< [apiv2][status] GET https://portfolio-76b48-default-rtdb.asia-southeast1.firebasedatabase.app/.settings/rules.json 200
[debug] [2023-07-13T21:17:45.788Z] <<< [apiv2][body] GET https://portfolio-76b48-default-rtdb.asia-southeast1.firebasedatabase.app/.settings/rules.json [stream]
[info] +  Database Rules for portfolio-76b48-default-rtdb have been written to nothing. 
[info] Future modifications to nothing will update Realtime Database Security Rules when you run
[info] firebase deploy.
[info] 
=== Hosting Setup
[info] 
[info] Your public directory is the folder (relative to your project directory) that
[info] will contain Hosting assets to be uploaded with firebase deploy. If you
[info] have a build process for your assets, use your build's output directory.
[info] 
[info] +  Wrote y/404.html 
[debug] [2023-07-13T21:19:48.816Z] >>> [apiv2][query] GET https://www.gstatic.com/firebasejs/releases.json [none]
[debug] [2023-07-13T21:19:49.267Z] <<< [apiv2][status] GET https://www.gstatic.com/firebasejs/releases.json 200
[debug] [2023-07-13T21:19:49.267Z] <<< [apiv2][body] GET https://www.gstatic.com/firebasejs/releases.json {"current":{"version":"10.0.0","browserURL":"https://www.gstatic.com/firebasejs/10.0.0/firebase.js","packageURL":"https://www.gstatic.com/firebasejs/10.0.0/firebase.tgz"},"live":{"version":"10.0","browserURL":"https://www.gstatic.com/firebasejs/live/10.0/firebase.js","packageURL":"https://www.gstatic.com/firebasejs/live/10.0/firebase.tgz"},"components":{"analytics":"https://www.gstatic.com/firebasejs/10.0.0/firebase-analytics.js","app":"https://www.gstatic.com/firebasejs/10.0.0/firebase-app.js","app-check":"https://www.gstatic.com/firebasejs/10.0.0/firebase-app-check.js","auth":"https://www.gstatic.com/firebasejs/10.0.0/firebase-auth.js","auth/cordova":"https://www.gstatic.com/firebasejs/10.0.0/firebase-auth/cordova.js","functions":"https://www.gstatic.com/firebasejs/10.0.0/firebase-functions.js","firestore":"https://www.gstatic.com/firebasejs/10.0.0/firebase-firestore.js","firestore/lite":"https://www.gstatic.com/firebasejs/10.0.0/firebase-firestore/lite.js","installations":"https://www.gstatic.com/firebasejs/10.0.0/firebase-installations.js","storage":"https://www.gstatic.com/firebasejs/10.0.0/firebase-storage.js","performance":"https://www.gstatic.com/firebasejs/10.0.0/firebase-performance.js","remote-config":"https://www.gstatic.com/firebasejs/10.0.0/firebase-remote-config.js","messaging":"https://www.gstatic.com/firebasejs/10.0.0/firebase-messaging.js","messaging/sw":"https://www.gstatic.com/firebasejs/10.0.0/firebase-messaging/sw.js","database":"https://www.gstatic.com/firebasejs/10.0.0/firebase-database.js","firestore.memory":"https://www.gstatic.com/firebasejs/10.0.0/firebase-firestore.memory.js"}}
[info] +  Wrote y/index.html 
[info] 
[info] i  Writing configuration info to firebase.json... 
[info] i  Writing project information to .firebaserc... 
[info] i  Writing gitignore file to .gitignore... 
[info] 
[info] +  Firebase initialization complete! 
